{"uuid":"e1a648a1-1a77-4e1a-ba5c-cead22bf0f5e","historyId":"601cf9829db239fd0faeacf535583fe7","fullName":"FlightListingTransfers.Enhancements.DepartureExists","labels":[{"name":"package","value":"FlightListingTransfers.Enhancements"},{"name":"testClass","value":"FlightListingTransfers.Enhancements"},{"name":"testMethod","value":"DepartureExists"},{"name":"parentSuite","value":"Default Suite"},{"name":"suite","value":"AirportViewTest"},{"name":"subSuite","value":"FlightListingTransfers.Enhancements"},{"name":"host","value":"DESKTOP-O0J5J3V"},{"name":"thread","value":"10172@DESKTOP-O0J5J3V.main(1)"},{"name":"framework","value":"testng"},{"name":"language","value":"java"}],"links":[],"name":"DepartureExists","status":"skipped","statusDetails":{"known":false,"muted":false,"flaky":false,"message":"The local appium server has not been started. The given Node.js executable: C:\\Program Files\\nodejs\\node.exe Arguments: [C:\\Users\\Yasser\\AppData\\Roaming\\npm\\node_modules\\appium\\build\\lib\\main.js, --port, 4723, --address, 127.0.0.1] \nProcess output: \u001B[35m[Appium]\u001B[39m Welcome to Appium v2.0.0-beta.43\r\n\u001B[35m[Appium]\u001B[39m Non-default server args:\r\n\u001B[35m[Appium]\u001B[39m { address: \u001B[32m'127.0.0.1'\u001B[39m }\r\n\u001B[35m[Appium]\u001B[39m Attempting to load driver uiautomator2...\r\n[debug] \u001B[35m[Appium]\u001B[39m Requiring driver at C:\\Users\\Yasser\\.appium\\node_modules\\appium-uiautomator2-driver\r\n\n","trace":"io.appium.java_client.service.local.AppiumServerHasNotBeenStartedLocallyException: The local appium server has not been started. The given Node.js executable: C:\\Program Files\\nodejs\\node.exe Arguments: [C:\\Users\\Yasser\\AppData\\Roaming\\npm\\node_modules\\appium\\build\\lib\\main.js, --port, 4723, --address, 127.0.0.1] \nProcess output: \u001B[35m[Appium]\u001B[39m Welcome to Appium v2.0.0-beta.43\r\n\u001B[35m[Appium]\u001B[39m Non-default server args:\r\n\u001B[35m[Appium]\u001B[39m { address: \u001B[32m'127.0.0.1'\u001B[39m }\r\n\u001B[35m[Appium]\u001B[39m Attempting to load driver uiautomator2...\r\n[debug] \u001B[35m[Appium]\u001B[39m Requiring driver at C:\\Users\\Yasser\\.appium\\node_modules\\appium-uiautomator2-driver\r\n\n\r\n\tat io.appium.java_client.service.local.AppiumDriverLocalService.start(AppiumDriverLocalService.java:190)\r\n\tat AVBase.BaseTest.ConfigureAppium(BaseTest.java:42)\r\n\tat java.base/jdk.internal.reflect.NativeMethodAccessorImpl.invoke0(Native Method)\r\n\tat java.base/jdk.internal.reflect.NativeMethodAccessorImpl.invoke(NativeMethodAccessorImpl.java:62)\r\n\tat java.base/jdk.internal.reflect.DelegatingMethodAccessorImpl.invoke(DelegatingMethodAccessorImpl.java:43)\r\n\tat java.base/java.lang.reflect.Method.invoke(Method.java:566)\r\n\tat org.testng.internal.invokers.MethodInvocationHelper.invokeMethod(MethodInvocationHelper.java:139)\r\n\tat org.testng.internal.invokers.MethodInvocationHelper.invokeMethodConsideringTimeout(MethodInvocationHelper.java:69)\r\n\tat org.testng.internal.invokers.ConfigInvoker.invokeConfigurationMethod(ConfigInvoker.java:361)\r\n\tat org.testng.internal.invokers.ConfigInvoker.invokeConfigurations(ConfigInvoker.java:296)\r\n\tat org.testng.internal.invokers.TestMethodWorker.invokeBeforeClassMethods(TestMethodWorker.java:180)\r\n\tat org.testng.internal.invokers.TestMethodWorker.run(TestMethodWorker.java:122)\r\n\tat java.base/java.util.ArrayList.forEach(ArrayList.java:1541)\r\n\tat org.testng.TestRunner.privateRun(TestRunner.java:806)\r\n\tat org.testng.TestRunner.run(TestRunner.java:601)\r\n\tat org.testng.SuiteRunner.runTest(SuiteRunner.java:433)\r\n\tat org.testng.SuiteRunner.runSequentially(SuiteRunner.java:427)\r\n\tat org.testng.SuiteRunner.privateRun(SuiteRunner.java:387)\r\n\tat org.testng.SuiteRunner.run(SuiteRunner.java:330)\r\n\tat org.testng.SuiteRunnerWorker.runSuite(SuiteRunnerWorker.java:52)\r\n\tat org.testng.SuiteRunnerWorker.run(SuiteRunnerWorker.java:95)\r\n\tat org.testng.TestNG.runSuitesSequentially(TestNG.java:1256)\r\n\tat org.testng.TestNG.runSuitesLocally(TestNG.java:1176)\r\n\tat org.testng.TestNG.runSuites(TestNG.java:1099)\r\n\tat org.testng.TestNG.run(TestNG.java:1067)\r\n\tat com.intellij.rt.testng.IDEARemoteTestNG.run(IDEARemoteTestNG.java:66)\r\n\tat com.intellij.rt.testng.RemoteTestNGStarter.main(RemoteTestNGStarter.java:109)\r\nCaused by: org.openqa.selenium.net.UrlChecker$TimeoutException: Timed out waiting for [http://127.0.0.1:4723/status] to be available after 20018 ms\r\n\tat org.openqa.selenium.net.UrlChecker.waitUntilAvailable(UrlChecker.java:89)\r\n\tat io.appium.java_client.service.local.AppiumDriverLocalService.ping(AppiumDriverLocalService.java:155)\r\n\tat io.appium.java_client.service.local.AppiumDriverLocalService.start(AppiumDriverLocalService.java:177)\r\n\t... 26 more\r\nCaused by: java.util.concurrent.TimeoutException\r\n\tat java.base/java.util.concurrent.FutureTask.get(FutureTask.java:204)\r\n\tat org.openqa.selenium.net.UrlChecker.waitUntilAvailable(UrlChecker.java:87)\r\n\t... 28 more\r\n"},"stage":"finished","steps":[],"attachments":[],"parameters":[],"start":1663059157464,"stop":1663059157465}